%!Adobe-FontList 1.16
%Locale:0x412

%BeginFont
Handler:DirectoryHandler
FontType:CMap
CMapName:Adobe-Korea1-0
Registry:Adobe
Ordering:Korea1
OutlineFileName:C:\Program Files (x86)\Adobe\Acrobat Reader DC\Resource\CMap\Adobe-Korea1-0
FileLength:3618
FileModTime:1426491250
%EndFont

%BeginFont
Handler:DirectoryHandler
FontType:CMap
CMapName:Adobe-Korea1-1
Registry:Adobe
Ordering:Korea1
OutlineFileName:C:\Program Files (x86)\Adobe\Acrobat Reader DC\Resource\CMap\Adobe-Korea1-1
FileLength:4309
FileModTime:1426491250
%EndFont

%BeginFont
Handler:DirectoryHandler
FontType:CMap
CMapName:Adobe-Korea1-2
Registry:Adobe
Ordering:Korea1
OutlineFileName:C:\Program Files (x86)\Adobe\Acrobat Reader DC\Resource\CMap\Adobe-Korea1-2
FileLength:4308
FileModTime:1426491250
%EndFont

%BeginFont
Handler:DirectoryHandler
FontType:CMap
CMapName:Adobe-Korea1-H-CID
Registry:Adobe
Ordering:Adobe_Korea1_H_CID
OutlineFileName:C:\Program Files (x86)\Adobe\Acrobat Reader DC\Resource\CMap\Adobe-Korea1-H-CID
FileLength:1642
FileModTime:1426491250
%EndFont

%BeginFont
Handler:DirectoryHandler
FontType:CMap
CMapName:Adobe-Korea1-H-Host
Registry:Adobe
Ordering:Adobe_Korea1_H_Host
OutlineFileName:C:\Program Files (x86)\Adobe\Acrobat Reader DC\Resource\CMap\Adobe-Korea1-H-Host
FileLength:16064
FileModTime:1426491250
%EndFont

%BeginFont
Handler:DirectoryHandler
FontType:CMap
CMapName:Adobe-Korea1-H-Mac
Registry:Adobe
Ordering:Adobe_Korea1_H_Mac
OutlineFileName:C:\Program Files (x86)\Adobe\Acrobat Reader DC\Resource\CMap\Adobe-Korea1-H-Mac
FileLength:11427
FileModTime:1426491250
%EndFont

%BeginFont
Handler:DirectoryHandler
FontType:CMap
CMapName:Adobe-Korea1-KSCms-UHC
Registry:Adobe
Ordering:Adobe_Korea1_KSCms_UHC
OutlineFileName:C:\Program Files (x86)\Adobe\Acrobat Reader DC\Resource\CMap\Adobe-Korea1-KSCms-UHC
FileLength:15858
FileModTime:1426491250
%EndFont

%BeginFont
Handler:DirectoryHandler
FontType:CMap
CMapName:Adobe-Korea1-KSCpc-EUC
Registry:Adobe
Ordering:Adobe_Korea1_KSCpc_EUC
OutlineFileName:C:\Program Files (x86)\Adobe\Acrobat Reader DC\Resource\CMap\Adobe-Korea1-KSCpc-EUC
FileLength:11507
FileModTime:1426491250
%EndFont

%BeginFont
Handler:DirectoryHandler
FontType:CMap
CMapName:Adobe-Korea1-UCS2
Registry:Adobe
Ordering:Adobe_Korea1_UCS2
OutlineFileName:C:\Program Files (x86)\Adobe\Acrobat Reader DC\Resource\CMap\Adobe-Korea1-UCS2
FileLength:154586
FileModTime:1426491250
%EndFont

%BeginFont
Handler:DirectoryHandler
FontType:CMap
CMapName:Identity-H
Registry:Adobe
Ordering:Identity
OutlineFileName:C:\Program Files (x86)\Adobe\Acrobat Reader DC\Resource\CMap\Identity-H
FileLength:8228
FileModTime:1426491252
%EndFont

%BeginFont
Handler:DirectoryHandler
FontType:CMap
CMapName:Identity-V
Registry:Adobe
Ordering:Identity
UseCMap:Identity-H
OutlineFileName:C:\Program Files (x86)\Adobe\Acrobat Reader DC\Resource\CMap\Identity-V
FileLength:2761
FileModTime:1426491252
%EndFont

%BeginFont
Handler:DirectoryHandler
FontType:CMap
CMapName:KSC-EUC-H
Registry:Adobe
Ordering:Korea1
OutlineFileName:C:\Program Files (x86)\Adobe\Acrobat Reader DC\Resource\CMap\KSC-EUC-H
FileLength:12359
FileModTime:1426491250
%EndFont

%BeginFont
Handler:DirectoryHandler
FontType:CMap
CMapName:KSC-EUC-V
Registry:Adobe
Ordering:Korea1
UseCMap:KSC-EUC-H
OutlineFileName:C:\Program Files (x86)\Adobe\Acrobat Reader DC\Resource\CMap\KSC-EUC-V
FileLength:3199
FileModTime:1426491250
%EndFont

%BeginFont
Handler:DirectoryHandler
FontType:CMap
CMapName:KSCms-UHC-H
Registry:Adobe
Ordering:Korea1
OutlineFileName:C:\Program Files (x86)\Adobe\Acrobat Reader DC\Resource\CMap\KSCms-UHC-H
FileLength:16785
FileModTime:1426491250
%EndFont

%BeginFont
Handler:DirectoryHandler
FontType:CMap
CMapName:KSCms-UHC-HW-H
Registry:Adobe
Ordering:Korea1
OutlineFileName:C:\Program Files (x86)\Adobe\Acrobat Reader DC\Resource\CMap\KSCms-UHC-HW-H
FileLength:16780
FileModTime:1426491250
%EndFont

%BeginFont
Handler:DirectoryHandler
FontType:CMap
CMapName:KSCms-UHC-HW-V
Registry:Adobe
Ordering:Korea1
UseCMap:KSCms-UHC-HW-H
OutlineFileName:C:\Program Files (x86)\Adobe\Acrobat Reader DC\Resource\CMap\KSCms-UHC-HW-V
FileLength:3211
FileModTime:1426491250
%EndFont

%BeginFont
Handler:DirectoryHandler
FontType:CMap
CMapName:KSCms-UHC-UCS2
Registry:Adobe
Ordering:KSCms_UHC_UCS2
OutlineFileName:C:\Program Files (x86)\Adobe\Acrobat Reader DC\Resource\CMap\KSCms-UHC-UCS2
FileLength:189847
FileModTime:1426491250
%EndFont

%BeginFont
Handler:DirectoryHandler
FontType:CMap
CMapName:KSCms-UHC-V
Registry:Adobe
Ordering:Korea1
UseCMap:KSCms-UHC-H
OutlineFileName:C:\Program Files (x86)\Adobe\Acrobat Reader DC\Resource\CMap\KSCms-UHC-V
FileLength:3213
FileModTime:1426491250
%EndFont

%BeginFont
Handler:DirectoryHandler
FontType:CMap
CMapName:KSCpc-EUC-H
Registry:Adobe
Ordering:Korea1
OutlineFileName:C:\Program Files (x86)\Adobe\Acrobat Reader DC\Resource\CMap\KSCpc-EUC-H
FileLength:13232
FileModTime:1426491252
%EndFont

%BeginFont
Handler:DirectoryHandler
FontType:CMap
CMapName:KSCpc-EUC-UCS2
Registry:Adobe
Ordering:KSCpc_EUC_UCS2
UseCMap:KSCpc-EUC-UCS2C
OutlineFileName:C:\Program Files (x86)\Adobe\Acrobat Reader DC\Resource\CMap\KSCpc-EUC-UCS2
FileLength:16328
FileModTime:1426491250
%EndFont

%BeginFont
Handler:DirectoryHandler
FontType:CMap
CMapName:KSCpc-EUC-UCS2C
Registry:Adobe
Ordering:KSCpc_EUC_UCS2C
OutlineFileName:C:\Program Files (x86)\Adobe\Acrobat Reader DC\Resource\CMap\KSCpc-EUC-UCS2C
FileLength:156825
FileModTime:1426491250
%EndFont

%BeginFont
Handler:DirectoryHandler
FontType:CMap
CMapName:KSCpc-EUC-V
Registry:Adobe
Ordering:Korea1
UseCMap:KSCpc-EUC-H
OutlineFileName:C:\Program Files (x86)\Adobe\Acrobat Reader DC\Resource\CMap\KSCpc-EUC-V
FileLength:3211
FileModTime:1426491250
%EndFont

%BeginFont
Handler:DirectoryHandler
FontType:CMap
CMapName:UCS2-KSCms-UHC
Registry:Adobe
Ordering:UCS2_KCSms_UHC
OutlineFileName:C:\Program Files (x86)\Adobe\Acrobat Reader DC\Resource\CMap\UCS2-KSCms-UHC
FileLength:196449
FileModTime:1426491250
%EndFont

%BeginFont
Handler:DirectoryHandler
FontType:CMap
CMapName:UCS2-KSCpc-EUC
Registry:Adobe
Ordering:UCS2_KSCpc_EUC
OutlineFileName:C:\Program Files (x86)\Adobe\Acrobat Reader DC\Resource\CMap\UCS2-KSCpc-EUC
FileLength:153399
FileModTime:1426491252
%EndFont

%BeginFont
Handler:DirectoryHandler
FontType:CMap
CMapName:UniKS-UCS2-H
Registry:Adobe
Ordering:Korea1
OutlineFileName:C:\Program Files (x86)\Adobe\Acrobat Reader DC\Resource\CMap\UniKS-UCS2-H
FileLength:174803
FileModTime:1426491250
%EndFont

%BeginFont
Handler:DirectoryHandler
FontType:CMap
CMapName:UniKS-UCS2-V
Registry:Adobe
Ordering:Korea1
UseCMap:UniKS-UCS2-H
OutlineFileName:C:\Program Files (x86)\Adobe\Acrobat Reader DC\Resource\CMap\UniKS-UCS2-V
FileLength:3240
FileModTime:1426491250
%EndFont

%BeginFont
Handler:DirectoryHandler
FontType:CMap
CMapName:UniKS-UTF16-H
Registry:Adobe
Ordering:Korea1
OutlineFileName:C:\Program Files (x86)\Adobe\Acrobat Reader DC\Resource\CMap\UniKS-UTF16-H
FileLength:131902
FileModTime:1426491250
%EndFont

%BeginFont
Handler:DirectoryHandler
FontType:CMap
CMapName:UniKS-UTF16-V
Registry:Adobe
Ordering:Korea1
UseCMap:UniKS-UTF16-H
OutlineFileName:C:\Program Files (x86)\Adobe\Acrobat Reader DC\Resource\CMap\UniKS-UTF16-V
FileLength:3198
FileModTime:1426491250
%EndFont

%BeginFont
Handler:DirectoryHandler
FontType:CID
FontName:AdobeGothicStd-Bold
FamilyName:Adobe Gothic Std
StyleName:B
FullName:Adobe Gothic Std B
MenuName:Adobe 고딕 Std B
StyleBits:2
FamilyNameNative:Adobe 고딕 Std
StyleNameNative:B
FullNameNative:Adobe 고딕 Std B
WritingScript:Korean
OutlineFileName:C:\Program Files (x86)\Adobe\Acrobat Reader DC\Resource\CIDFont\AdobeGothicStd-Bold.otf
DataFormat:sfntData
isCFF:yes
FileLength:2887924
FileModTime:1426491250
WeightClass:700
WidthClass:5
AngleClass:0
NameArray:0,Mac,4,Adobe Gothic Std B
NameArray:3,Mac,4,Adobe 고딕 Std B
NameArray:0,Win,1,Adobe Gothic Std B
NameArray:0,Win,16,Adobe Gothic Std
NameArray:3,Win,1,Adobe 고딕 Std B
NameArray:3,Win,16,Adobe 고딕 Std
%EndFont

%BeginFont
Handler:DirectoryHandler
FontType:CID
FontName:AdobeGothicStd-Light
FamilyName:Adobe Gothic Std
StyleName:L
FullName:Adobe Gothic Std L
MenuName:Adobe 고딕 Std L
StyleBits:0
FamilyNameNative:Adobe 고딕 Std
StyleNameNative:L
FullNameNative:Adobe 고딕 Std L
WritingScript:Korean
OutlineFileName:C:\Program Files (x86)\Adobe\Acrobat Reader DC\Resource\CIDFont\AdobeGothicStd-Light.otf
DataFormat:sfntData
isCFF:yes
FileLength:2859568
FileModTime:1426491252
WeightClass:500
WidthClass:5
AngleClass:0
NameArray:0,Mac,4,Adobe Gothic Std L
NameArray:3,Mac,4,Adobe 고딕 Std L
NameArray:0,Win,1,Adobe Gothic Std L
NameArray:0,Win,16,Adobe Gothic Std
NameArray:3,Win,1,Adobe 고딕 Std L
NameArray:3,Win,16,Adobe 고딕 Std
%EndFont

%BeginFont
Handler:DirectoryHandler
FontType:CID
FontName:AdobeMyungjoStd-Medium
FamilyName:Adobe Myungjo Std
StyleName:M
FullName:Adobe Myungjo Std M
MenuName:Adobe 명조 Std M
StyleBits:0
FamilyNameNative:Adobe 명조 Std
StyleNameNative:M
FullNameNative:Adobe 명조 Std M
WritingScript:Korean
OutlineFileName:C:\Program Files (x86)\Adobe\Acrobat Reader DC\Resource\CIDFont\AdobeMyungjoStd-Medium.otf
DataFormat:sfntData
isCFF:yes
FileLength:4103860
FileModTime:1426491250
WeightClass:500
WidthClass:5
AngleClass:0
NameArray:0,Mac,4,Adobe Myungjo Std M
NameArray:3,Mac,4,Adobe 명조 Std M
NameArray:0,Win,1,Adobe Myungjo Std M
NameArray:0,Win,16,Adobe Myungjo Std
NameArray:3,Win,1,Adobe 명조 Std M
NameArray:3,Win,16,Adobe 명조 Std
%EndFont

%BeginFont
Handler:DirectoryHandler
FontType:Type1
FontName:AdobePiStd
FamilyName:Adobe Pi Std
StyleName:Regular
FullName:Adobe Pi Std
MenuName:Adobe Pi Std
StyleBits:0
WritingScript:Roman
OutlineFileName:C:\Program Files (x86)\Adobe\Acrobat Reader DC\Resource\Font\AdobePiStd.otf
DataFormat:sfntData
UsesStandardEncoding:yes
isCFF:yes
FileLength:92588
FileModTime:1426491250
WeightClass:400
WidthClass:5
AngleClass:0
DesignSize:240
NameArray:0,Mac,4,Adobe Pi Std
NameArray:0,Win,1,Adobe Pi Std
%EndFont

%BeginFont
Handler:DirectoryHandler
FontType:Type1
FontName:CourierStd-Bold
FamilyName:Courier Std
StyleName:Bold
FullName:Courier Std Bold
MenuName:Courier Std
StyleBits:2
WritingScript:Roman
OutlineFileName:C:\Program Files (x86)\Adobe\Acrobat Reader DC\Resource\Font\CourierStd-Bold.otf
DataFormat:sfntData
UsesStandardEncoding:yes
isCFF:yes
FileLength:37524
FileModTime:1426491252
WeightClass:700
WidthClass:5
AngleClass:0
DesignSize:120
NameArray:0,Mac,4,Courier Std Bold
NameArray:0,Win,1,Courier Std
%EndFont

%BeginFont
Handler:DirectoryHandler
FontType:Type1
FontName:CourierStd-BoldOblique
FamilyName:Courier Std
StyleName:Bold Oblique
FullName:Courier Std Bold Oblique
MenuName:Courier Std
StyleBits:3
WritingScript:Roman
OutlineFileName:C:\Program Files (x86)\Adobe\Acrobat Reader DC\Resource\Font\CourierStd-BoldOblique.otf
DataFormat:sfntData
UsesStandardEncoding:yes
isCFF:yes
FileLength:38984
FileModTime:1426491252
WeightClass:700
WidthClass:5
AngleClass:1
DesignSize:120
NameArray:0,Mac,4,Courier Std Bold Oblique
NameArray:0,Win,1,Courier Std
%EndFont

%BeginFont
Handler:DirectoryHandler
FontType:Type1
FontName:CourierStd-Oblique
FamilyName:Courier Std
StyleName:Medium Oblique
FullName:Courier Std Medium Oblique
MenuName:Courier Std
StyleBits:1
WritingScript:Roman
OutlineFileName:C:\Program Files (x86)\Adobe\Acrobat Reader DC\Resource\Font\CourierStd-Oblique.otf
DataFormat:sfntData
UsesStandardEncoding:yes
isCFF:yes
FileLength:39332
FileModTime:1426491250
WeightClass:500
WidthClass:5
AngleClass:1
DesignSize:120
NameArray:0,Mac,18,Courier Std Oblique
NameArray:0,Mac,4,Courier Std Medium Oblique
NameArray:0,Win,1,Courier Std
%EndFont

%BeginFont
Handler:DirectoryHandler
FontType:Type1
FontName:CourierStd
FamilyName:Courier Std
StyleName:Medium
FullName:Courier Std Medium
MenuName:Courier Std
StyleBits:0
WritingScript:Roman
OutlineFileName:C:\Program Files (x86)\Adobe\Acrobat Reader DC\Resource\Font\CourierStd.otf
DataFormat:sfntData
UsesStandardEncoding:yes
isCFF:yes
FileLength:37860
FileModTime:1426491250
WeightClass:500
WidthClass:5
AngleClass:0
DesignSize:120
NameArray:0,Mac,18,Courier Std
NameArray:0,Mac,4,Courier Std Medium
NameArray:0,Win,1,Courier Std
%EndFont

%BeginFont
Handler:DirectoryHandler
FontType:Type1
FontName:MinionPro-Bold
FamilyName:Minion Pro
StyleName:Bold
FullName:Minion Pro Bold
MenuName:Minion Pro
StyleBits:2
WritingScript:Roman
OutlineFileName:C:\Program Files (x86)\Adobe\Acrobat Reader DC\Resource\Font\MinionPro-Bold.otf
DataFormat:sfntData
UsesStandardEncoding:yes
isCFF:yes
FileLength:218116
FileModTime:1426491250
WeightClass:700
WidthClass:5
AngleClass:0
DesignSize:110
NameArray:0,Mac,4,Minion Pro Bold
NameArray:0,Win,1,Minion Pro
%EndFont

%BeginFont
Handler:DirectoryHandler
FontType:Type1
FontName:MinionPro-BoldIt
FamilyName:Minion Pro
StyleName:Bold Italic
FullName:Minion Pro Bold Italic
MenuName:Minion Pro
StyleBits:3
WritingScript:Roman
OutlineFileName:C:\Program Files (x86)\Adobe\Acrobat Reader DC\Resource\Font\MinionPro-BoldIt.otf
DataFormat:sfntData
UsesStandardEncoding:yes
isCFF:yes
FileLength:258972
FileModTime:1426491252
WeightClass:700
WidthClass:5
AngleClass:1
DesignSize:110
NameArray:0,Mac,18,Minion Pro Bold Ital
NameArray:0,Mac,4,Minion Pro Bold Italic
NameArray:0,Win,1,Minion Pro
%EndFont

%BeginFont
Handler:DirectoryHandler
FontType:Type1
FontName:MinionPro-It
FamilyName:Minion Pro
StyleName:Italic
FullName:Minion Pro Italic
MenuName:Minion Pro
StyleBits:1
WritingScript:Roman
OutlineFileName:C:\Program Files (x86)\Adobe\Acrobat Reader DC\Resource\Font\MinionPro-It.otf
DataFormat:sfntData
UsesStandardEncoding:yes
isCFF:yes
FileLength:259940
FileModTime:1426491250
WeightClass:400
WidthClass:5
AngleClass:1
DesignSize:110
NameArray:0,Mac,18,Minion Pro Ital
NameArray:0,Mac,4,Minion Pro Italic
NameArray:0,Win,1,Minion Pro
%EndFont

%BeginFont
Handler:DirectoryHandler
FontType:Type1
FontName:MinionPro-Regular
FamilyName:Minion Pro
StyleName:Regular
FullName:Minion Pro
MenuName:Minion Pro
StyleBits:0
WritingScript:Roman
OutlineFileName:C:\Program Files (x86)\Adobe\Acrobat Reader DC\Resource\Font\MinionPro-Regular.otf
DataFormat:sfntData
UsesStandardEncoding:yes
isCFF:yes
FileLength:218640
FileModTime:1426491252
WeightClass:400
WidthClass:5
AngleClass:0
DesignSize:110
NameArray:0,Mac,4,Minion Pro
NameArray:0,Win,1,Minion Pro
%EndFont

%BeginFont
Handler:DirectoryHandler
FontType:Type1
FontName:MyriadPro-Bold
FamilyName:Myriad Pro
StyleName:Bold
FullName:Myriad Pro Bold
MenuName:Myriad Pro
StyleBits:2
WritingScript:Roman
OutlineFileName:C:\Program Files (x86)\Adobe\Acrobat Reader DC\Resource\Font\MyriadPro-Bold.otf
DataFormat:sfntData
UsesStandardEncoding:yes
isCFF:yes
FileLength:97124
FileModTime:1426491250
WeightClass:700
WidthClass:5
AngleClass:0
DesignSize:110
NameArray:0,Mac,4,Myriad Pro Bold
NameArray:0,Win,1,Myriad Pro
%EndFont

%BeginFont
Handler:DirectoryHandler
FontType:Type1
FontName:MyriadPro-BoldIt
FamilyName:Myriad Pro
StyleName:Bold Italic
FullName:Myriad Pro Bold Italic
MenuName:Myriad Pro
StyleBits:3
WritingScript:Roman
OutlineFileName:C:\Program Files (x86)\Adobe\Acrobat Reader DC\Resource\Font\MyriadPro-BoldIt.otf
DataFormat:sfntData
UsesStandardEncoding:yes
isCFF:yes
FileLength:99304
FileModTime:1426491252
WeightClass:700
WidthClass:5
AngleClass:1
DesignSize:110
NameArray:0,Mac,18,Myriad Pro Bold It
NameArray:0,Mac,4,Myriad Pro Bold Italic
NameArray:0,Win,1,Myriad Pro
%EndFont

%BeginFont
Handler:DirectoryHandler
FontType:Type1
FontName:MyriadPro-It
FamilyName:Myriad Pro
StyleName:Italic
FullName:Myriad Pro Italic
MenuName:Myriad Pro
StyleBits:1
WritingScript:Roman
OutlineFileName:C:\Program Files (x86)\Adobe\Acrobat Reader DC\Resource\Font\MyriadPro-It.otf
DataFormat:sfntData
UsesStandardEncoding:yes
isCFF:yes
FileLength:97800
FileModTime:1426491250
WeightClass:400
WidthClass:5
AngleClass:1
DesignSize:110
NameArray:0,Mac,18,Myriad Pro It
NameArray:0,Mac,4,Myriad Pro Italic
NameArray:0,Win,1,Myriad Pro
%EndFont

%BeginFont
Handler:DirectoryHandler
FontType:Type1
FontName:MyriadPro-Regular
FamilyName:Myriad Pro
StyleName:Regular
FullName:Myriad Pro
MenuName:Myriad Pro
StyleBits:0
WritingScript:Roman
OutlineFileName:C:\Program Files (x86)\Adobe\Acrobat Reader DC\Resource\Font\MyriadPro-Regular.otf
DataFormat:sfntData
UsesStandardEncoding:yes
isCFF:yes
FileLength:97072
FileModTime:1426491250
WeightClass:400
WidthClass:5
AngleClass:0
DesignSize:110
NameArray:0,Mac,4,Myriad Pro
NameArray:0,Win,1,Myriad Pro
%EndFont

%BeginFont
Handler:DirectoryHandler
FontType:Type1
FontName:Symbol
FamilyName:Symbol
StyleName:Regular
FullName:Symbol
MenuName:Symbol
StyleBits:0
WritingScript:Roman
OutlineFileName:C:\Program Files (x86)\Adobe\Acrobat Reader DC\Resource\Font\SY______.PFB
DataFormat:Plain
UsesStandardEncoding:no
isCFF:no
FileLength:34705
FileModTime:1426491250
WeightClass:400
WidthClass:5
AngleClass:0
DesignSize:-1
%EndFont

%BeginFont
Handler:DirectoryHandler
FontType:Type1
FontName:AdobeSansMM
FamilyName:Adobe Sans MM
StyleName:Regular
FullName:Adobe Sans MM
MenuName:Adobe Sans MM
StyleBits:0
WritingScript:Roman
OutlineFileName:C:\Program Files (x86)\Adobe\Acrobat Reader DC\Resource\Font\ZX______.PFB
DataFormat:Plain
MMAxisName:Weight
MMAxisName:Width
UsesStandardEncoding:yes
isCFF:no
FileLength:75573
FileModTime:1426491250
WeightClass:400
WidthClass:5
AngleClass:0
DesignSize:-1
%EndFont

%BeginFont
Handler:DirectoryHandler
FontType:Type1
FontName:AdobeSerifMM
FamilyName:Adobe Serif MM
StyleName:Regular
FullName:Adobe Serif MM
MenuName:Adobe Serif MM
StyleBits:0
WritingScript:Roman
OutlineFileName:C:\Program Files (x86)\Adobe\Acrobat Reader DC\Resource\Font\ZY______.PFB
DataFormat:Plain
MMAxisName:Weight
MMAxisName:Width
UsesStandardEncoding:yes
isCFF:no
FileLength:96418
FileModTime:1426491252
WeightClass:400
WidthClass:5
AngleClass:0
DesignSize:-1
%EndFont

%BeginFont
Handler:DirectoryHandler
FontType:PFM
FontName:Symbol
NumMMAxes:0
OutlineFileName:C:\Program Files (x86)\Adobe\Acrobat Reader DC\Resource\Font\PFM\SY______.PFM
FileLength:672
FileModTime:1426491250
%EndFont

%BeginFont
Handler:DirectoryHandler
FontType:PFM
FontName:AdobeSansMM
NumMMAxes:0
OutlineFileName:C:\Program Files (x86)\Adobe\Acrobat Reader DC\Resource\Font\PFM\zx______.pfm
FileLength:683
FileModTime:1426491252
%EndFont

%BeginFont
Handler:DirectoryHandler
FontType:PFM
FontName:AdobeSerifMM
NumMMAxes:0
OutlineFileName:C:\Program Files (x86)\Adobe\Acrobat Reader DC\Resource\Font\PFM\zy______.pfm
FileLength:684
FileModTime:1426491250
%EndFont

